-------------------------------------------------------------------------------
Test set: com.bankbankatm.RunCucumberTest
-------------------------------------------------------------------------------
Tests run: 57, Failures: 57, Errors: 0, Skipped: 0, Time elapsed: 0.539 s <<< FAILURE! -- in com.bankbankatm.RunCucumberTest
ATM Authentication.Successful login with valid card and PIN -- Time elapsed: 0.059 s <<< FAILURE!
java.lang.AssertionError: ATM.checkAvailabilityOfCashInATM() not implemented
	at org.junit.Assert.fail(Assert.java:89)
	at com.bankbankatm.StepDefinitions.the_atm_system_is_initialized_and_has_sufficient_funds(StepDefinitions.java:53)
	at ✽.the ATM system is initialized and has sufficient funds(file:///Users/bakiceltik/Documents/GitHub/bankbankatm/src/test/resources/features/auth.feature:7)

ATM Authentication.PIN entry timeout -- Time elapsed: 0.007 s <<< FAILURE!
java.lang.AssertionError: ATM.checkAvailabilityOfCashInATM() not implemented
	at org.junit.Assert.fail(Assert.java:89)
	at com.bankbankatm.StepDefinitions.the_atm_system_is_initialized_and_has_sufficient_funds(StepDefinitions.java:53)
	at ✽.the ATM system is initialized and has sufficient funds(file:///Users/bakiceltik/Documents/GitHub/bankbankatm/src/test/resources/features/auth.feature:7)

ATM Authentication.Login with invalid card (expired or unreadable) -- Time elapsed: 0.007 s <<< FAILURE!
java.lang.AssertionError: ATM.checkAvailabilityOfCashInATM() not implemented
	at org.junit.Assert.fail(Assert.java:89)
	at com.bankbankatm.StepDefinitions.the_atm_system_is_initialized_and_has_sufficient_funds(StepDefinitions.java:53)
	at ✽.the ATM system is initialized and has sufficient funds(file:///Users/bakiceltik/Documents/GitHub/bankbankatm/src/test/resources/features/auth.feature:7)

ATM Authentication.Login with incorrect PIN -- Time elapsed: 0.006 s <<< FAILURE!
java.lang.AssertionError: ATM.checkAvailabilityOfCashInATM() not implemented
	at org.junit.Assert.fail(Assert.java:89)
	at com.bankbankatm.StepDefinitions.the_atm_system_is_initialized_and_has_sufficient_funds(StepDefinitions.java:53)
	at ✽.the ATM system is initialized and has sufficient funds(file:///Users/bakiceltik/Documents/GitHub/bankbankatm/src/test/resources/features/auth.feature:7)

ATM Authentication.Account lockout after 3 incorrect PIN attempts -- Time elapsed: 0.006 s <<< FAILURE!
java.lang.AssertionError: ATM.checkAvailabilityOfCashInATM() not implemented
	at org.junit.Assert.fail(Assert.java:89)
	at com.bankbankatm.StepDefinitions.the_atm_system_is_initialized_and_has_sufficient_funds(StepDefinitions.java:53)
	at ✽.the ATM system is initialized and has sufficient funds(file:///Users/bakiceltik/Documents/GitHub/bankbankatm/src/test/resources/features/auth.feature:7)

ATM Authentication.Card from unsupported bank -- Time elapsed: 0.004 s <<< FAILURE!
java.lang.AssertionError: ATM.checkAvailabilityOfCashInATM() not implemented
	at org.junit.Assert.fail(Assert.java:89)
	at com.bankbankatm.StepDefinitions.the_atm_system_is_initialized_and_has_sufficient_funds(StepDefinitions.java:53)
	at ✽.the ATM system is initialized and has sufficient funds(file:///Users/bakiceltik/Documents/GitHub/bankbankatm/src/test/resources/features/auth.feature:7)

ATM Authentication.Card with account problems -- Time elapsed: 0.004 s <<< FAILURE!
java.lang.AssertionError: ATM.checkAvailabilityOfCashInATM() not implemented
	at org.junit.Assert.fail(Assert.java:89)
	at com.bankbankatm.StepDefinitions.the_atm_system_is_initialized_and_has_sufficient_funds(StepDefinitions.java:53)
	at ✽.the ATM system is initialized and has sufficient funds(file:///Users/bakiceltik/Documents/GitHub/bankbankatm/src/test/resources/features/auth.feature:7)

Bank Computer Integration.Bank processes transaction and updates daily limit (Bank FR7) -- Time elapsed: 0.007 s <<< FAILURE!
java.lang.AssertionError: NetworkToBank.openConnection() not implemented
	at org.junit.Assert.fail(Assert.java:89)
	at com.bankbankatm.StepDefinitions.the_atm_is_connected_to_bank_network(StepDefinitions.java:1211)
	at ✽.the ATM is connected to the bank network(file:///Users/bakiceltik/Documents/GitHub/bankbankatm/src/test/resources/features/bank_integration.feature:9)

Bank Computer Integration.Bank rejects transaction exceeding daily limit (Bank FR9) -- Time elapsed: 0.004 s <<< FAILURE!
java.lang.AssertionError: NetworkToBank.openConnection() not implemented
	at org.junit.Assert.fail(Assert.java:89)
	at com.bankbankatm.StepDefinitions.the_atm_is_connected_to_bank_network(StepDefinitions.java:1211)
	at ✽.the ATM is connected to the bank network(file:///Users/bakiceltik/Documents/GitHub/bankbankatm/src/test/resources/features/bank_integration.feature:9)

Bank Computer Integration.Bank updates account after money dispensed (Bank FR8) -- Time elapsed: 0.007 s <<< FAILURE!
java.lang.AssertionError: NetworkToBank.openConnection() not implemented
	at org.junit.Assert.fail(Assert.java:89)
	at com.bankbankatm.StepDefinitions.the_atm_is_connected_to_bank_network(StepDefinitions.java:1211)
	at ✽.the ATM is connected to the bank network(file:///Users/bakiceltik/Documents/GitHub/bankbankatm/src/test/resources/features/bank_integration.feature:9)

Bank Computer Integration.ATM confirms cash dispensed to bank -- Time elapsed: 0.005 s <<< FAILURE!
java.lang.AssertionError: NetworkToBank.openConnection() not implemented
	at org.junit.Assert.fail(Assert.java:89)
	at com.bankbankatm.StepDefinitions.the_atm_is_connected_to_bank_network(StepDefinitions.java:1211)
	at ✽.the ATM is connected to the bank network(file:///Users/bakiceltik/Documents/GitHub/bankbankatm/src/test/resources/features/bank_integration.feature:9)

Bank Computer Integration.ATM reports dispense failure to bank -- Time elapsed: 0.004 s <<< FAILURE!
java.lang.AssertionError: NetworkToBank.openConnection() not implemented
	at org.junit.Assert.fail(Assert.java:89)
	at com.bankbankatm.StepDefinitions.the_atm_is_connected_to_bank_network(StepDefinitions.java:1211)
	at ✽.the ATM is connected to the bank network(file:///Users/bakiceltik/Documents/GitHub/bankbankatm/src/test/resources/features/bank_integration.feature:9)

Change Password.Successfully change PIN -- Time elapsed: 0.005 s <<< FAILURE!
java.lang.AssertionError: ATM.checkAvailabilityOfCashInATM() not implemented
	at org.junit.Assert.fail(Assert.java:89)
	at com.bankbankatm.StepDefinitions.the_atm_system_is_initialized_and_has_sufficient_funds(StepDefinitions.java:53)
	at com.bankbankatm.StepDefinitions.i_am_successfully_logged_in_with_a_valid_card(StepDefinitions.java:155)
	at ✽.I am successfully logged in with a valid card(file:///Users/bakiceltik/Documents/GitHub/bankbankatm/src/test/resources/features/change_password.feature:7)

Change Password.Change PIN with incorrect old PIN -- Time elapsed: 0.006 s <<< FAILURE!
java.lang.AssertionError: ATM.checkAvailabilityOfCashInATM() not implemented
	at org.junit.Assert.fail(Assert.java:89)
	at com.bankbankatm.StepDefinitions.the_atm_system_is_initialized_and_has_sufficient_funds(StepDefinitions.java:53)
	at com.bankbankatm.StepDefinitions.i_am_successfully_logged_in_with_a_valid_card(StepDefinitions.java:155)
	at ✽.I am successfully logged in with a valid card(file:///Users/bakiceltik/Documents/GitHub/bankbankatm/src/test/resources/features/change_password.feature:7)

Change Password.New PIN confirmation mismatch -- Time elapsed: 0.005 s <<< FAILURE!
java.lang.AssertionError: ATM.checkAvailabilityOfCashInATM() not implemented
	at org.junit.Assert.fail(Assert.java:89)
	at com.bankbankatm.StepDefinitions.the_atm_system_is_initialized_and_has_sufficient_funds(StepDefinitions.java:53)
	at com.bankbankatm.StepDefinitions.i_am_successfully_logged_in_with_a_valid_card(StepDefinitions.java:155)
	at ✽.I am successfully logged in with a valid card(file:///Users/bakiceltik/Documents/GitHub/bankbankatm/src/test/resources/features/change_password.feature:7)

Cash Deposit.Successful cash deposit -- Time elapsed: 0.007 s <<< FAILURE!
java.lang.AssertionError: ATM.checkAvailabilityOfCashInATM() not implemented
	at org.junit.Assert.fail(Assert.java:89)
	at com.bankbankatm.StepDefinitions.the_atm_system_is_initialized_and_has_sufficient_funds(StepDefinitions.java:53)
	at com.bankbankatm.StepDefinitions.i_am_successfully_logged_in_with_a_valid_card(StepDefinitions.java:155)
	at ✽.I am successfully logged in with a valid card(file:///Users/bakiceltik/Documents/GitHub/bankbankatm/src/test/resources/features/deposit.feature:7)

Cash Deposit.Deposit with invalid currency or unrecognized bills -- Time elapsed: 0.005 s <<< FAILURE!
java.lang.AssertionError: ATM.checkAvailabilityOfCashInATM() not implemented
	at org.junit.Assert.fail(Assert.java:89)
	at com.bankbankatm.StepDefinitions.the_atm_system_is_initialized_and_has_sufficient_funds(StepDefinitions.java:53)
	at com.bankbankatm.StepDefinitions.i_am_successfully_logged_in_with_a_valid_card(StepDefinitions.java:155)
	at ✽.I am successfully logged in with a valid card(file:///Users/bakiceltik/Documents/GitHub/bankbankatm/src/test/resources/features/deposit.feature:7)

Cash Deposit.User cancels deposit transaction -- Time elapsed: 0.005 s <<< FAILURE!
java.lang.AssertionError: ATM.checkAvailabilityOfCashInATM() not implemented
	at org.junit.Assert.fail(Assert.java:89)
	at com.bankbankatm.StepDefinitions.the_atm_system_is_initialized_and_has_sufficient_funds(StepDefinitions.java:53)
	at com.bankbankatm.StepDefinitions.i_am_successfully_logged_in_with_a_valid_card(StepDefinitions.java:155)
	at ✽.I am successfully logged in with a valid card(file:///Users/bakiceltik/Documents/GitHub/bankbankatm/src/test/resources/features/deposit.feature:7)

ATM Initialization and Configuration.ATM initialization with parameters -- Time elapsed: 0.004 s <<< FAILURE!
java.lang.AssertionError: ATM.checkAvailabilityOfCashInATM() not implemented
	at org.junit.Assert.fail(Assert.java:89)
	at com.bankbankatm.StepDefinitions.i_set_total_fund_to(StepDefinitions.java:667)
	at ✽.I set total fund (t) to 100000.00(file:///Users/bakiceltik/Documents/GitHub/bankbankatm/src/test/resources/features/initialization.feature:15)

ATM Initialization and Configuration.ATM rejects card when cash below minimum threshold -- Time elapsed: 0.004 s <<< FAILURE!
java.lang.AssertionError: ATM.checkAvailabilityOfCashInATM() not implemented
	at org.junit.Assert.fail(Assert.java:89)
	at com.bankbankatm.StepDefinitions.the_minimum_cash_threshold_n_is(StepDefinitions.java:726)
	at ✽.the minimum cash threshold (n) is 1000.00(file:///Users/bakiceltik/Documents/GitHub/bankbankatm/src/test/resources/features/initialization.feature:25)

ATM Initialization and Configuration.ATM displays welcome screen when idle -- Time elapsed: 0.004 s <<< FAILURE!
java.lang.AssertionError: Display.display() not implemented
	at org.junit.Assert.fail(Assert.java:89)
	at com.bankbankatm.StepDefinitions.the_atm_should_display_the_welcome_screen(StepDefinitions.java:756)
	at ✽.the ATM should display the welcome screen(file:///Users/bakiceltik/Documents/GitHub/bankbankatm/src/test/resources/features/initialization.feature:34)

ATM Initialization and Configuration.ATM running out of money rejects transactions -- Time elapsed: 0.003 s <<< FAILURE!
java.lang.AssertionError: ATM.checkAvailabilityOfCashInATM() not implemented
	at org.junit.Assert.fail(Assert.java:89)
	at com.bankbankatm.StepDefinitions.the_minimum_cash_threshold_n_is(StepDefinitions.java:726)
	at ✽.the minimum cash threshold (n) is 500.00(file:///Users/bakiceltik/Documents/GitHub/bankbankatm/src/test/resources/features/initialization.feature:41)

ATM Initialization and Configuration.Card serial number is logged on insertion -- Time elapsed: 0.003 s <<< FAILURE!
java.lang.AssertionError: ATM.checkAvailabilityOfCashInATM() not implemented
	at org.junit.Assert.fail(Assert.java:89)
	at com.bankbankatm.StepDefinitions.the_atm_system_is_initialized_and_has_sufficient_funds(StepDefinitions.java:53)
	at ✽.the ATM system is initialized and has sufficient funds(file:///Users/bakiceltik/Documents/GitHub/bankbankatm/src/test/resources/features/initialization.feature:51)

ATM Initialization and Configuration.Each step must be completed within 60 seconds -- Time elapsed: 0.004 s <<< FAILURE!
java.lang.AssertionError: ATM.readAccountNum() not implemented
	at org.junit.Assert.fail(Assert.java:89)
	at com.bankbankatm.StepDefinitions.i_insert_a_valid_card_with_serial(StepDefinitions.java:64)
	at com.bankbankatm.StepDefinitions.i_insert_a_valid_card(StepDefinitions.java:70)
	at com.bankbankatm.StepDefinitions.a_customer_has_inserted_a_card(StepDefinitions.java:808)
	at ✽.a customer has inserted a card(file:///Users/bakiceltik/Documents/GitHub/bankbankatm/src/test/resources/features/initialization.feature:59)

Account Inquiry.Check account balance -- Time elapsed: 0.004 s <<< FAILURE!
java.lang.AssertionError: ATM.checkAvailabilityOfCashInATM() not implemented
	at org.junit.Assert.fail(Assert.java:89)
	at com.bankbankatm.StepDefinitions.the_atm_system_is_initialized_and_has_sufficient_funds(StepDefinitions.java:53)
	at com.bankbankatm.StepDefinitions.i_am_successfully_logged_in_with_a_valid_card(StepDefinitions.java:155)
	at ✽.I am successfully logged in with a valid card(file:///Users/bakiceltik/Documents/GitHub/bankbankatm/src/test/resources/features/inquiry.feature:7)

Account Inquiry.View recent transactions -- Time elapsed: 0.004 s <<< FAILURE!
java.lang.AssertionError: ATM.checkAvailabilityOfCashInATM() not implemented
	at org.junit.Assert.fail(Assert.java:89)
	at com.bankbankatm.StepDefinitions.the_atm_system_is_initialized_and_has_sufficient_funds(StepDefinitions.java:53)
	at com.bankbankatm.StepDefinitions.i_am_successfully_logged_in_with_a_valid_card(StepDefinitions.java:155)
	at ✽.I am successfully logged in with a valid card(file:///Users/bakiceltik/Documents/GitHub/bankbankatm/src/test/resources/features/inquiry.feature:7)

Transaction Logging.Log card serial number on insertion (FR6) -- Time elapsed: 0.003 s <<< FAILURE!
java.lang.AssertionError: ATM.checkAvailabilityOfCashInATM() not implemented
	at org.junit.Assert.fail(Assert.java:89)
	at com.bankbankatm.StepDefinitions.the_atm_system_is_initialized_and_has_sufficient_funds(StepDefinitions.java:53)
	at ✽.the ATM system is initialized and has sufficient funds(file:///Users/bakiceltik/Documents/GitHub/bankbankatm/src/test/resources/features/logging.feature:10)

Transaction Logging.Log dispensed amount with serial number (FR15) -- Time elapsed: 0.005 s <<< FAILURE!
java.lang.AssertionError: ATM.checkAvailabilityOfCashInATM() not implemented
	at org.junit.Assert.fail(Assert.java:89)
	at com.bankbankatm.StepDefinitions.the_atm_system_is_initialized_and_has_sufficient_funds(StepDefinitions.java:53)
	at ✽.the ATM system is initialized and has sufficient funds(file:///Users/bakiceltik/Documents/GitHub/bankbankatm/src/test/resources/features/logging.feature:10)

Transaction Logging.Complete transaction logging cycle -- Time elapsed: 0.004 s <<< FAILURE!
java.lang.AssertionError: ATM.checkAvailabilityOfCashInATM() not implemented
	at org.junit.Assert.fail(Assert.java:89)
	at com.bankbankatm.StepDefinitions.the_atm_system_is_initialized_and_has_sufficient_funds(StepDefinitions.java:53)
	at ✽.the ATM system is initialized and has sufficient funds(file:///Users/bakiceltik/Documents/GitHub/bankbankatm/src/test/resources/features/logging.feature:10)

Transaction Logging.Log failed transaction attempts -- Time elapsed: 0.004 s <<< FAILURE!
java.lang.AssertionError: ATM.checkAvailabilityOfCashInATM() not implemented
	at org.junit.Assert.fail(Assert.java:89)
	at com.bankbankatm.StepDefinitions.the_atm_system_is_initialized_and_has_sufficient_funds(StepDefinitions.java:53)
	at ✽.the ATM system is initialized and has sufficient funds(file:///Users/bakiceltik/Documents/GitHub/bankbankatm/src/test/resources/features/logging.feature:10)

ATM Maintainability and Availability.ATM available 24 hours a day (4.4.1) -- Time elapsed: 0.004 s <<< FAILURE!
java.lang.AssertionError: ATM.checkAvailabilityOfCashInATM() not implemented
	at org.junit.Assert.fail(Assert.java:89)
	at com.bankbankatm.StepDefinitions.i_check_system_status_at_any_time(StepDefinitions.java:1423)
	at ✽.I check the system status at any time of day(file:///Users/bakiceltik/Documents/GitHub/bankbankatm/src/test/resources/features/maintainability.feature:12)

ATM Maintainability and Availability.All ATM services available -- Time elapsed: 0.004 s <<< FAILURE!
java.lang.AssertionError: ATM services not implemented
	at org.junit.Assert.fail(Assert.java:89)
	at com.bankbankatm.StepDefinitions.the_following_services_should_be_available(StepDefinitions.java:1455)
	at ✽.the following services should be available:(file:///Users/bakiceltik/Documents/GitHub/bankbankatm/src/test/resources/features/maintainability.feature:19)

ATM Maintainability and Availability.Only maintainers can connect new ATMs (4.4.3) -- Time elapsed: 0.004 s <<< FAILURE!
java.lang.AssertionError: NetworkToBank.openConnection() not implemented
	at org.junit.Assert.fail(Assert.java:89)
	at com.bankbankatm.StepDefinitions.unauthorized_person_attempts_to_connect(StepDefinitions.java:1470)
	at ✽.an unauthorized person attempts to connect the ATM(file:///Users/bakiceltik/Documents/GitHub/bankbankatm/src/test/resources/features/maintainability.feature:30)

ATM Maintainability and Availability.Maintainer successfully connects new ATM -- Time elapsed: 0.003 s <<< FAILURE!
java.lang.AssertionError: NetworkToBank.openConnection() not implemented
	at org.junit.Assert.fail(Assert.java:89)
	at com.bankbankatm.StepDefinitions.maintainer_initiates_atm_connection(StepDefinitions.java:1500)
	at ✽.the maintainer initiates the ATM connection(file:///Users/bakiceltik/Documents/GitHub/bankbankatm/src/test/resources/features/maintainability.feature:38)

ATM Maintainability and Availability.ATM self-diagnostics -- Time elapsed: 0.002 s <<< FAILURE!
java.lang.AssertionError: ATM.checkAvailabilityOfCashInATM() not implemented
	at org.junit.Assert.fail(Assert.java:89)
	at com.bankbankatm.StepDefinitions.the_atm_runs_startup_diagnostics(StepDefinitions.java:1538)
	at ✽.the ATM runs startup diagnostics(file:///Users/bakiceltik/Documents/GitHub/bankbankatm/src/test/resources/features/maintainability.feature:46)

System Performance and Timing Constraints.Session timeout due to user inactivity -- Time elapsed: 0.003 s <<< FAILURE!
java.lang.AssertionError: ATM.checkAvailabilityOfCashInATM() not implemented
	at org.junit.Assert.fail(Assert.java:89)
	at com.bankbankatm.StepDefinitions.the_atm_system_is_initialized_and_has_sufficient_funds(StepDefinitions.java:53)
	at com.bankbankatm.StepDefinitions.i_am_successfully_logged_in_with_a_valid_card(StepDefinitions.java:155)
	at com.bankbankatm.StepDefinitions.i_am_on_any_transaction_screen(StepDefinitions.java:381)
	at ✽.I am on any transaction screen(file:///Users/bakiceltik/Documents/GitHub/bankbankatm/src/test/resources/features/performance.feature:9)

System Performance and Timing Constraints.Error message display duration -- Time elapsed: 0.003 s <<< FAILURE!
java.lang.AssertionError: Display.display() not implemented
	at org.junit.Assert.fail(Assert.java:89)
	at com.bankbankatm.StepDefinitions.the_system_displays_an_error_message(StepDefinitions.java:415)
	at ✽.the system displays an error message(file:///Users/bakiceltik/Documents/GitHub/bankbankatm/src/test/resources/features/performance.feature:19)

System Performance and Timing Constraints.Bank server response timeout -- Time elapsed: 0.003 s <<< FAILURE!
java.lang.AssertionError: ATM.checkAvailabilityOfCashInATM() not implemented
	at org.junit.Assert.fail(Assert.java:89)
	at com.bankbankatm.StepDefinitions.the_atm_system_is_initialized_and_has_sufficient_funds(StepDefinitions.java:53)
	at com.bankbankatm.StepDefinitions.i_am_successfully_logged_in_with_a_valid_card(StepDefinitions.java:155)
	at com.bankbankatm.StepDefinitions.i_have_initiated_a_transaction(StepDefinitions.java:427)
	at ✽.I have initiated a transaction (e.g., withdrawal)(file:///Users/bakiceltik/Documents/GitHub/bankbankatm/src/test/resources/features/performance.feature:26)

System Performance and Timing Constraints.Cash dispensing synchronization -- Time elapsed: 0.003 s <<< FAILURE!
java.lang.AssertionError: ATM.checkAvailabilityOfCashInATM() not implemented
	at org.junit.Assert.fail(Assert.java:89)
	at com.bankbankatm.StepDefinitions.the_atm_system_is_initialized_and_has_sufficient_funds(StepDefinitions.java:53)
	at com.bankbankatm.StepDefinitions.i_am_successfully_logged_in_with_a_valid_card(StepDefinitions.java:155)
	at com.bankbankatm.StepDefinitions.i_have_requested_a_cash_withdrawal(StepDefinitions.java:451)
	at ✽.I have requested a cash withdrawal(file:///Users/bakiceltik/Documents/GitHub/bankbankatm/src/test/resources/features/performance.feature:35)

System Performance and Timing Constraints.Concurrent transaction handling -- Time elapsed: 0.003 s <<< FAILURE!
java.lang.AssertionError: DatabaseProxy.checkTheBalance() not implemented
	at org.junit.Assert.fail(Assert.java:89)
	at com.bankbankatm.StepDefinitions.specific_bank_account_has_balance(StepDefinitions.java:491)
	at ✽.specific bank account "12345" has balance 1000.00(file:///Users/bakiceltik/Documents/GitHub/bankbankatm/src/test/resources/features/performance.feature:45)

Receipt Printing.Print receipt after successful withdrawal (FR14) -- Time elapsed: 0.003 s <<< FAILURE!
java.lang.AssertionError: ATM.checkAvailabilityOfCashInATM() not implemented
	at org.junit.Assert.fail(Assert.java:89)
	at com.bankbankatm.StepDefinitions.the_atm_system_is_initialized_and_has_sufficient_funds(StepDefinitions.java:53)
	at com.bankbankatm.StepDefinitions.i_am_successfully_logged_in_with_a_valid_card(StepDefinitions.java:155)
	at ✽.I am successfully logged in with a valid card(file:///Users/bakiceltik/Documents/GitHub/bankbankatm/src/test/resources/features/receipt.feature:10)

Receipt Printing.Print receipt after successful deposit -- Time elapsed: 0.003 s <<< FAILURE!
java.lang.AssertionError: ATM.checkAvailabilityOfCashInATM() not implemented
	at org.junit.Assert.fail(Assert.java:89)
	at com.bankbankatm.StepDefinitions.the_atm_system_is_initialized_and_has_sufficient_funds(StepDefinitions.java:53)
	at com.bankbankatm.StepDefinitions.i_am_successfully_logged_in_with_a_valid_card(StepDefinitions.java:155)
	at ✽.I am successfully logged in with a valid card(file:///Users/bakiceltik/Documents/GitHub/bankbankatm/src/test/resources/features/receipt.feature:10)

Receipt Printing.Print receipt after successful transfer -- Time elapsed: 0.002 s <<< FAILURE!
java.lang.AssertionError: ATM.checkAvailabilityOfCashInATM() not implemented
	at org.junit.Assert.fail(Assert.java:89)
	at com.bankbankatm.StepDefinitions.the_atm_system_is_initialized_and_has_sufficient_funds(StepDefinitions.java:53)
	at com.bankbankatm.StepDefinitions.i_am_successfully_logged_in_with_a_valid_card(StepDefinitions.java:155)
	at ✽.I am successfully logged in with a valid card(file:///Users/bakiceltik/Documents/GitHub/bankbankatm/src/test/resources/features/receipt.feature:10)

Receipt Printing.Print receipt after balance inquiry -- Time elapsed: 0.002 s <<< FAILURE!
java.lang.AssertionError: ATM.checkAvailabilityOfCashInATM() not implemented
	at org.junit.Assert.fail(Assert.java:89)
	at com.bankbankatm.StepDefinitions.the_atm_system_is_initialized_and_has_sufficient_funds(StepDefinitions.java:53)
	at com.bankbankatm.StepDefinitions.i_am_successfully_logged_in_with_a_valid_card(StepDefinitions.java:155)
	at ✽.I am successfully logged in with a valid card(file:///Users/bakiceltik/Documents/GitHub/bankbankatm/src/test/resources/features/receipt.feature:10)

Receipt Printing.Handle receipt printer error -- Time elapsed: 0.003 s <<< FAILURE!
java.lang.AssertionError: ATM.checkAvailabilityOfCashInATM() not implemented
	at org.junit.Assert.fail(Assert.java:89)
	at com.bankbankatm.StepDefinitions.the_atm_system_is_initialized_and_has_sufficient_funds(StepDefinitions.java:53)
	at com.bankbankatm.StepDefinitions.i_am_successfully_logged_in_with_a_valid_card(StepDefinitions.java:155)
	at ✽.I am successfully logged in with a valid card(file:///Users/bakiceltik/Documents/GitHub/bankbankatm/src/test/resources/features/receipt.feature:10)

Receipt Printing.Customer opts out of receipt -- Time elapsed: 0.003 s <<< FAILURE!
java.lang.AssertionError: ATM.checkAvailabilityOfCashInATM() not implemented
	at org.junit.Assert.fail(Assert.java:89)
	at com.bankbankatm.StepDefinitions.the_atm_system_is_initialized_and_has_sufficient_funds(StepDefinitions.java:53)
	at com.bankbankatm.StepDefinitions.i_am_successfully_logged_in_with_a_valid_card(StepDefinitions.java:155)
	at ✽.I am successfully logged in with a valid card(file:///Users/bakiceltik/Documents/GitHub/bankbankatm/src/test/resources/features/receipt.feature:10)

System Reliability and Hardware Safety.Transaction Atomicity on Power Failure -- Time elapsed: 0.003 s <<< FAILURE!
java.lang.AssertionError: ATM.checkAvailabilityOfCashInATM() not implemented
	at org.junit.Assert.fail(Assert.java:89)
	at com.bankbankatm.StepDefinitions.the_atm_system_is_initialized_and_has_sufficient_funds(StepDefinitions.java:53)
	at com.bankbankatm.StepDefinitions.i_am_successfully_logged_in_with_a_valid_card(StepDefinitions.java:155)
	at com.bankbankatm.StepDefinitions.i_have_requested_a_withdrawal_of_for_reliability(StepDefinitions.java:841)
	at ✽.I have requested a withdrawal of 100.00(file:///Users/bakiceltik/Documents/GitHub/bankbankatm/src/test/resources/features/reliability.feature:9)

System Reliability and Hardware Safety.Data Isolation -- Time elapsed: 0.003 s <<< FAILURE!
java.lang.AssertionError: DatabaseProxy.checkTheBalance() not implemented
	at org.junit.Assert.fail(Assert.java:89)
	at com.bankbankatm.StepDefinitions.two_transactions_act_on_same_account_simultaneously(StepDefinitions.java:901)
	at ✽.two transactions act on the same account simultaneously(file:///Users/bakiceltik/Documents/GitHub/bankbankatm/src/test/resources/features/reliability.feature:19)

System Reliability and Hardware Safety.Cash Denomination Recognition -- Time elapsed: 0.003 s <<< FAILURE!
java.lang.AssertionError: CashDispenser not implemented
	at org.junit.Assert.fail(Assert.java:89)
	at com.bankbankatm.StepDefinitions.the_cash_dispenser_is_loaded_with_mixed_bills(StepDefinitions.java:939)
	at ✽.the cash dispenser is loaded with mixed bills(file:///Users/bakiceltik/Documents/GitHub/bankbankatm/src/test/resources/features/reliability.feature:27)

System Reliability and Hardware Safety.Hardware Retry Logic (3 attempts) -- Time elapsed: 0.003 s <<< FAILURE!
java.lang.AssertionError: CashDispenser not implemented
	at org.junit.Assert.fail(Assert.java:89)
	at com.bankbankatm.StepDefinitions.the_cash_dispenser_encounters_mechanical_error(StepDefinitions.java:958)
	at ✽.the cash dispenser encounters a mechanical error during operation(file:///Users/bakiceltik/Documents/GitHub/bankbankatm/src/test/resources/features/reliability.feature:34)

Money Transfer.Successful money transfer to valid account -- Time elapsed: 0.005 s <<< FAILURE!
java.lang.AssertionError: ATM.checkAvailabilityOfCashInATM() not implemented
	at org.junit.Assert.fail(Assert.java:89)
	at com.bankbankatm.StepDefinitions.the_atm_system_is_initialized_and_has_sufficient_funds(StepDefinitions.java:53)
	at com.bankbankatm.StepDefinitions.i_am_successfully_logged_in_with_a_valid_card(StepDefinitions.java:155)
	at ✽.I am successfully logged in with a valid card(file:///Users/bakiceltik/Documents/GitHub/bankbankatm/src/test/resources/features/transfer.feature:7)

Money Transfer.Transfer amount exceeds account balance -- Time elapsed: 0.003 s <<< FAILURE!
java.lang.AssertionError: ATM.checkAvailabilityOfCashInATM() not implemented
	at org.junit.Assert.fail(Assert.java:89)
	at com.bankbankatm.StepDefinitions.the_atm_system_is_initialized_and_has_sufficient_funds(StepDefinitions.java:53)
	at com.bankbankatm.StepDefinitions.i_am_successfully_logged_in_with_a_valid_card(StepDefinitions.java:155)
	at ✽.I am successfully logged in with a valid card(file:///Users/bakiceltik/Documents/GitHub/bankbankatm/src/test/resources/features/transfer.feature:7)

Money Transfer.Transfer to invalid or non-existent account -- Time elapsed: 0.004 s <<< FAILURE!
java.lang.AssertionError: ATM.checkAvailabilityOfCashInATM() not implemented
	at org.junit.Assert.fail(Assert.java:89)
	at com.bankbankatm.StepDefinitions.the_atm_system_is_initialized_and_has_sufficient_funds(StepDefinitions.java:53)
	at com.bankbankatm.StepDefinitions.i_am_successfully_logged_in_with_a_valid_card(StepDefinitions.java:155)
	at ✽.I am successfully logged in with a valid card(file:///Users/bakiceltik/Documents/GitHub/bankbankatm/src/test/resources/features/transfer.feature:7)

Cash Withdrawal.Successful cash withdrawal -- Time elapsed: 0.005 s <<< FAILURE!
java.lang.AssertionError: ATM.checkAvailabilityOfCashInATM() not implemented
	at org.junit.Assert.fail(Assert.java:89)
	at com.bankbankatm.StepDefinitions.the_atm_system_is_initialized_and_has_sufficient_funds(StepDefinitions.java:53)
	at com.bankbankatm.StepDefinitions.i_am_successfully_logged_in_with_a_valid_card(StepDefinitions.java:155)
	at ✽.I am successfully logged in with a valid card(file:///Users/bakiceltik/Documents/GitHub/bankbankatm/src/test/resources/features/withdraw.feature:7)

Cash Withdrawal.Withdrawal amount exceeds account balance -- Time elapsed: 0.004 s <<< FAILURE!
java.lang.AssertionError: ATM.checkAvailabilityOfCashInATM() not implemented
	at org.junit.Assert.fail(Assert.java:89)
	at com.bankbankatm.StepDefinitions.the_atm_system_is_initialized_and_has_sufficient_funds(StepDefinitions.java:53)
	at com.bankbankatm.StepDefinitions.i_am_successfully_logged_in_with_a_valid_card(StepDefinitions.java:155)
	at ✽.I am successfully logged in with a valid card(file:///Users/bakiceltik/Documents/GitHub/bankbankatm/src/test/resources/features/withdraw.feature:7)

Cash Withdrawal.Withdrawal amount exceeds per-transaction limit -- Time elapsed: 0.004 s <<< FAILURE!
java.lang.AssertionError: ATM.checkAvailabilityOfCashInATM() not implemented
	at org.junit.Assert.fail(Assert.java:89)
	at com.bankbankatm.StepDefinitions.the_atm_system_is_initialized_and_has_sufficient_funds(StepDefinitions.java:53)
	at com.bankbankatm.StepDefinitions.i_am_successfully_logged_in_with_a_valid_card(StepDefinitions.java:155)
	at ✽.I am successfully logged in with a valid card(file:///Users/bakiceltik/Documents/GitHub/bankbankatm/src/test/resources/features/withdraw.feature:7)

Cash Withdrawal.Withdrawal amount exceeds daily limit -- Time elapsed: 0.003 s <<< FAILURE!
java.lang.AssertionError: ATM.checkAvailabilityOfCashInATM() not implemented
	at org.junit.Assert.fail(Assert.java:89)
	at com.bankbankatm.StepDefinitions.the_atm_system_is_initialized_and_has_sufficient_funds(StepDefinitions.java:53)
	at com.bankbankatm.StepDefinitions.i_am_successfully_logged_in_with_a_valid_card(StepDefinitions.java:155)
	at ✽.I am successfully logged in with a valid card(file:///Users/bakiceltik/Documents/GitHub/bankbankatm/src/test/resources/features/withdraw.feature:7)

