-------------------------------------------------------------------------------
Test set: com.bankbankatm.RunCucumberTest
-------------------------------------------------------------------------------
Tests run: 29, Failures: 6, Errors: 0, Skipped: 0, Time elapsed: 0.449 s <<< FAILURE! -- in com.bankbankatm.RunCucumberTest
ATM Authentication.Login with incorrect PIN -- Time elapsed: 0.007 s <<< FAILURE!
java.lang.AssertionError: PIN should be incorrect
	at org.junit.Assert.fail(Assert.java:89)
	at org.junit.Assert.assertTrue(Assert.java:42)
	at org.junit.Assert.assertFalse(Assert.java:65)
	at com.bankbankatm.StepDefinitions.i_enter_an_incorrect_pin(StepDefinitions.java:105)
	at ✽.I enter an incorrect PIN "0000"(file:///Users/bakiceltik/Documents/GitHub/bankbankatm/src/test/resources/features/auth.feature:39)

Change Password.Successfully change PIN -- Time elapsed: 0.015 s <<< FAILURE!
java.lang.AssertionError: Message should contain: Password Changed Successfully
	at org.junit.Assert.fail(Assert.java:89)
	at org.junit.Assert.assertTrue(Assert.java:42)
	at com.bankbankatm.StepDefinitions.i_should_see_a_message_generic(StepDefinitions.java:811)
	at ✽.I should see a "Password Changed Successfully" message(file:///Users/bakiceltik/Documents/GitHub/bankbankatm/src/test/resources/features/change_password.feature:17)

Cash Deposit.Successful cash deposit -- Time elapsed: 0.005 s <<< FAILURE!
java.lang.AssertionError: expected:<1500.0> but was:<1000.0>
	at org.junit.Assert.fail(Assert.java:89)
	at org.junit.Assert.failNotEquals(Assert.java:835)
	at org.junit.Assert.assertEquals(Assert.java:555)
	at org.junit.Assert.assertEquals(Assert.java:685)
	at com.bankbankatm.StepDefinitions.my_account_balance_should_be_updated_to_(StepDefinitions.java:597)
	at ✽.my account balance should be updated to 1500.00(file:///Users/bakiceltik/Documents/GitHub/bankbankatm/src/test/resources/features/deposit.feature:18)

System Reliability and Hardware Safety.Cash Denomination Recognition -- Time elapsed: 0.005 s <<< FAILURE!
java.lang.AssertionError: Dispensed amount matches requested
	at org.junit.Assert.fail(Assert.java:89)
	at org.junit.Assert.assertTrue(Assert.java:42)
	at com.bankbankatm.StepDefinitions.the_machine_must_accurately_identify_and_select_worth_of_bills(StepDefinitions.java:490)
	at ✽.the machine must accurately identify and select 100.00 worth of bills(file:///Users/bakiceltik/Documents/GitHub/bankbankatm/src/test/resources/features/reliability.feature:29)

Money Transfer.Successful money transfer to valid account -- Time elapsed: 0.007 s <<< FAILURE!
java.lang.AssertionError: expected:<1500.0> but was:<1000.0>
	at org.junit.Assert.fail(Assert.java:89)
	at org.junit.Assert.failNotEquals(Assert.java:835)
	at org.junit.Assert.assertEquals(Assert.java:555)
	at org.junit.Assert.assertEquals(Assert.java:685)
	at com.bankbankatm.StepDefinitions.my_account_balance_should_be_updated_to_(StepDefinitions.java:597)
	at ✽.my account balance should be updated to 1500.00(file:///Users/bakiceltik/Documents/GitHub/bankbankatm/src/test/resources/features/transfer.feature:17)

Cash Withdrawal.Successful cash withdrawal -- Time elapsed: 0.005 s <<< FAILURE!
java.lang.AssertionError: expected:<800.0> but was:<1000.0>
	at org.junit.Assert.fail(Assert.java:89)
	at org.junit.Assert.failNotEquals(Assert.java:835)
	at org.junit.Assert.assertEquals(Assert.java:555)
	at org.junit.Assert.assertEquals(Assert.java:685)
	at com.bankbankatm.StepDefinitions.my_account_balance_should_be_updated_to_(StepDefinitions.java:597)
	at ✽.my account balance should be updated to 800.00(file:///Users/bakiceltik/Documents/GitHub/bankbankatm/src/test/resources/features/withdraw.feature:19)

